Build started 11/10/2016 8:46:46 PM.
     1>Project "C:\Users\Izzy\Documents\Repositories\AudioSystem\Core\Game.vcxproj" on node 2 (Build target(s)).
     1>ClCompile:
         C:\Program Files (x86)\Microsoft Visual Studio 14.0\VC\bin\CL.exe /c /I..\external\FMOD\include /I..\external\SDL\include /I..\external\rapidjson\include /I..\external\DirectXTK\include /ZI /nologo /W3 /WX- /sdl /Od /Oy- /D WIN32 /D _DEBUG /D _CONSOLE /D _LIB /D _UNICODE /D UNICODE /Gm /EHsc /RTC1 /MDd /GS /fp:precise /Zc:wchar_t /Zc:forScope /Zc:inline /GR- /Yc"ITPEnginePCH.h" /Fp"Debug\Game.pch" /Fo"Debug\\" /Fd"Debug\vc140.pdb" /Gd /TP /analyze- /errorReport:prompt Source\ITPEnginePCH.cpp
         ITPEnginePCH.cpp
         C:\Program Files (x86)\Microsoft Visual Studio 14.0\VC\bin\CL.exe /c /I..\external\FMOD\include /I..\external\SDL\include /I..\external\rapidjson\include /I..\external\DirectXTK\include /ZI /nologo /W3 /WX- /sdl /Od /Oy- /D WIN32 /D _DEBUG /D _CONSOLE /D _LIB /D _UNICODE /D UNICODE /Gm /EHsc /RTC1 /MDd /GS /fp:precise /Zc:wchar_t /Zc:forScope /Zc:inline /GR- /Yu"ITPEnginePCH.h" /Fp"Debug\Game.pch" /Fo"Debug\\" /Fd"Debug\vc140.pdb" /Gd /TP /analyze- /errorReport:prompt Source\Actor.cpp Source\Animation.cpp Source\Asset.cpp Source\AssetCache.cpp Source\AudioComponent.cpp Source\BoneTransform.cpp Source\BoxComponent.cpp Source\CameraComponent.cpp Source\Channel.cpp Source\CharacterMoveComponent.cpp Source\CollisionComponent.cpp Source\CollisionHelpers.cpp Source\Component.cpp Source\DbgAssert.cpp Source\DrawComponent.cpp Source\Font.cpp Source\FontComponent.cpp Source\FrameTimer.cpp Source\Game.cpp Source\GameTimers.cpp Source\GraphicsDriver.cpp Source\InputComponent.cpp Source\InputLayoutCache.cpp Source\InputManager.cpp Source\KillVolume.cpp Source\LevelLoader.cpp Source\Main.cpp Source\Math.cpp Source\Mesh.cpp Source\MeshComponent.cpp Source\MoveComponent.cpp Source\Object.cpp Source\PhysWorld.cpp Source\Player.cpp Source\PointLightComponent.cpp Source\PointLightData.cpp Source\Random.cpp Source\Renderer.cpp Source\Shader.cpp Source\SimdMath.cpp Source\SkeletalMeshComponent.cpp Source\Skeleton.cpp Source\Sound.cpp Source\SphereComponent.cpp Source\SpriteComponent.cpp Source\Texture.cpp Source\VertexArray.cpp Source\World.cpp
         World.cpp
         VertexArray.cpp
         Texture.cpp
         SpriteComponent.cpp
         SphereComponent.cpp
         Sound.cpp
         Skeleton.cpp
         SkeletalMeshComponent.cpp
     1>c:\users\izzy\documents\repositories\audiosystem\core\source\skeletalmeshcomponent.cpp(68): warning C4018: '<': signed/unsigned mismatch
         SimdMath.cpp
         Shader.cpp
         Renderer.cpp
         Random.cpp
         PointLightData.cpp
         PointLightComponent.cpp
         Player.cpp
         PhysWorld.cpp
         Object.cpp
         MoveComponent.cpp
         MeshComponent.cpp
         Mesh.cpp
         Generating Code...
         Compiling...
         Math.cpp
         Main.cpp
         LevelLoader.cpp
         KillVolume.cpp
         InputManager.cpp
         InputLayoutCache.cpp
         InputComponent.cpp
         GraphicsDriver.cpp
         GameTimers.cpp
         Game.cpp
         FrameTimer.cpp
         FontComponent.cpp
         Font.cpp
         DrawComponent.cpp
         DbgAssert.cpp
         Component.cpp
         CollisionHelpers.cpp
         CollisionComponent.cpp
         CharacterMoveComponent.cpp
         Channel.cpp
     1>c:\users\izzy\documents\repositories\audiosystem\core\source\channel.cpp(23): warning C4018: '>=': signed/unsigned mismatch
         Generating Code...
         Compiling...
         CameraComponent.cpp
         BoxComponent.cpp
         BoneTransform.cpp
         AudioComponent.cpp
     1>c:\users\izzy\documents\repositories\audiosystem\core\source\audiocomponent.cpp(30): error C3867: 'AudioComponent::WriteSoundData': non-standard syntax; use '&' to create a pointer to member
     1>c:\users\izzy\documents\repositories\audiosystem\core\source\audiocomponent.cpp(30): error C2440: '=': cannot convert from 'FMOD_RESULT (__stdcall AudioComponent::* )(FMOD_SOUND *,void *,unsigned int)' to 'FMOD_SOUND_PCMREAD_CALLBACK'
         c:\users\izzy\documents\repositories\audiosystem\core\source\audiocomponent.cpp(30): note: There is no context in which this conversion is possible
         AssetCache.cpp
         Asset.cpp
         Animation.cpp
     1>c:\users\izzy\documents\repositories\audiosystem\core\source\animation.cpp(136): warning C4018: '<': signed/unsigned mismatch
         Actor.cpp
         Generating Code...
     1>Done Building Project "C:\Users\Izzy\Documents\Repositories\AudioSystem\Core\Game.vcxproj" (Build target(s)) -- FAILED.

Build FAILED.

Time Elapsed 00:00:13.74
